17:37:52me и, как это сделать через asterisk -r консоль?
17:38:34Denis manager show command Atxfer
17:38:49Denis я тебе соврал, надо переводить не свой канал
17:38:59me ага
17:39:19me говорит 010 и 011
17:39:26me чтобы 010ый перевел 011 на 012
17:39:31me нужно канал 011 переводить?
17:39:53Denis блин сейчас проверю
17:46:08Denis свой
звоню с 0701 на 0802, хочу перевести 0802 на 0703
открытые каналы
SIP/0802-0001c409
SIP/0701-0001c408
в ами
Action: Atxfer
Channel: SIP/0701-0001c408
Exten: 0703
Priority: 1
Context: from-internal
17:47:42me ок
17:47:49me и еще вопрос, как это в консоли проверить?
17:48:09me то есть переводить все-таки свой канал
17:49:42Denis telnet 127.0.0.1 5038
вставялем
Action: login
Username: admin
Secret: 123456
Events: off

2 раза нажать ентер, дальше уже 
Action: Atxfer
Channel: SIP/0701-0001c408
Exten: 0703
Priority: 1
Context: from-internal

и опять 2 раза ентер
17:51:26me ок